<?xml version="1.0" encoding="UTF-8"?>
<!-- Generated by org.testng.reporters.JUnitReportReporter -->
<testsuite hostname="ravi" failures="0" tests="2" name="com.ppro.rough.TestCase1" time="28.317" errors="0" timestamp="2020-08-26T00:38:24 CEST" skipped="0">
  <testcase classname="com.ppro.rough.TestCase1" name="doLogin" time="14.175"/>
  <system-out/>
  <testcase classname="com.ppro.rough.TestCase1" name="doLogin" time="14.142"/>
  <system-out/>
</testsuite> <!-- com.ppro.rough.TestCase1 -->
